Using pre-set license
Built from '2020.2/release' branch; Version is '2020.2.2f1 (068178b99f32) revision 426360'; Using compiler version '192528614'; Build Type 'Release'
OS: 'Windows 10 Enterprise; OS build 18363.1440; Version 1909; 64bit' Language: 'en' Physical Memory: 16304 MB
BatchMode: 1, IsHumanControllingUs: 0, StartBugReporterOnCrash: 0, Is64bit: 1, IsPro: 0

 COMMAND LINE ARGUMENTS:
C:\Program Files\Unity\Hub\Editor\2020.2.2f1\Editor\Unity.exe
-adb2
-batchMode
-noUpm
-name
AssetImportWorker0
-projectPath
C:/Users/Ryan.Abela/Documents/GitHub/Flex
-logFile
Logs/AssetImportWorker0.log
-srvPort
49762
Successfully changed project path to: C:/Users/Ryan.Abela/Documents/GitHub/Flex
C:/Users/Ryan.Abela/Documents/GitHub/Flex
Using Asset Import Pipeline V2.
Refreshing native plugins compatible for Editor in 22.61 ms, found 0 plugins.
Preloading 0 native plugins for Editor in 0.00 ms.
Initialize engine version: 2020.2.2f1 (068178b99f32)
[Subsystems] Discovering subsystems at path C:/Program Files/Unity/Hub/Editor/2020.2.2f1/Editor/Data/Resources/UnitySubsystems
[Subsystems] Discovering subsystems at path C:/Users/Ryan.Abela/Documents/GitHub/Flex/Assets
GfxDevice: creating device client; threaded=0
Direct3D:
    Version:  Direct3D 11.0 [level 11.0]
    Renderer: NVIDIA Quadro K2200  (ID=0x13ba)
    Vendor:   
    VRAM:     4035 MB
    Driver:   10.18.13.5362
Initialize mono
Mono path[0] = 'C:/Program Files/Unity/Hub/Editor/2020.2.2f1/Editor/Data/Managed'
Mono path[1] = 'C:/Program Files/Unity/Hub/Editor/2020.2.2f1/Editor/Data/MonoBleedingEdge/lib/mono/unityjit'
Mono config path = 'C:/Program Files/Unity/Hub/Editor/2020.2.2f1/Editor/Data/MonoBleedingEdge/etc'
Using monoOptions --debugger-agent=transport=dt_socket,embedding=1,server=y,suspend=n,address=127.0.0.1:56284
Begin MonoManager ReloadAssembly
Registering precompiled unity dll's ...
Register platform support module: C:/Program Files/Unity/Hub/Editor/2020.2.2f1/Editor/Data/PlaybackEngines/WindowsStandaloneSupport/UnityEditor.WindowsStandalone.Extensions.dll
Registered in 0.001300 seconds.
Native extension for WindowsStandalone target not found
Refreshing native plugins compatible for Editor in 23.63 ms, found 0 plugins.
Preloading 0 native plugins for Editor in 0.00 ms.
Invoked RoslynAnalysisRunner static constructor.
RoslynAnalysisRunner will not be running.
RoslynAnalysisRunner has terminated.
Mono: successfully reloaded assembly
- Completed reload, in  1.562 seconds
Platform modules already initialized, skipping
Registering precompiled user dll's ...
Registered in 0.000685 seconds.
Begin MonoManager ReloadAssembly
Native extension for WindowsStandalone target not found
Refreshing native plugins compatible for Editor in 0.19 ms, found 0 plugins.
Preloading 0 native plugins for Editor in 0.00 ms.
Invoked RoslynAnalysisRunner static constructor.
RoslynAnalysisRunner will not be running.
RoslynAnalysisRunner has terminated.
Mono: successfully reloaded assembly
- Completed reload, in  0.817 seconds
Platform modules already initialized, skipping
========================================================================
Worker process is ready to serve import requests
Launched and connected shader compiler UnityShaderCompiler.exe after 0.05 seconds
Refreshing native plugins compatible for Editor in 0.18 ms, found 0 plugins.
Preloading 0 native plugins for Editor in 0.00 ms.
Unloading 1099 Unused Serialized files (Serialized files now loaded: 0)
System memory in use before: 56.6 MB.
System memory in use after: 56.6 MB.

Unloading 10 unused Assets to reduce memory usage. Loaded Objects now: 1540.
Total: 1.922800 ms (FindLiveObjects: 0.183800 ms CreateObjectMapping: 0.061200 ms MarkObjects: 1.548700 ms  DeleteObjects: 0.127500 ms)

========================================================================
Received Import Request.
  path: Assets
  artifactKey: Guid(00000000000000001000000000000000) Importer(815301076,1909f56bfc062723c751e8b465ee728b)
Start importing Assets using Guid(00000000000000001000000000000000) Importer(815301076,1909f56bfc062723c751e8b465ee728b)  -> (artifact id: '4a6e520b92ccfc61bcfa21a7bcab8468') in 0.009577 seconds
  Import took 0.011729 seconds .

========================================================================
Received Import Request.
  Time since last request: 2.996513 seconds.
  path: Assets/Assets
  artifactKey: Guid(478b76954e46ade4bb98a98fcc539805) Importer(815301076,1909f56bfc062723c751e8b465ee728b)
Start importing Assets/Assets using Guid(478b76954e46ade4bb98a98fcc539805) Importer(815301076,1909f56bfc062723c751e8b465ee728b)  -> (artifact id: '4cc48535c1f353af023cf97797190a5c') in 0.002464 seconds
  Import took 0.004594 seconds .

========================================================================
Received Prepare
Registering precompiled user dll's ...
Registered in 0.002827 seconds.
Begin MonoManager ReloadAssembly
Native extension for WindowsStandalone target not found
Refreshing native plugins compatible for Editor in 0.32 ms, found 9 plugins.
Preloading 0 native plugins for Editor in 0.00 ms.
Invoked RoslynAnalysisRunner static constructor.
RoslynAnalysisRunner will not be running.
RoslynAnalysisRunner has terminated.
Mono: successfully reloaded assembly
- Completed reload, in  1.109 seconds
Platform modules already initialized, skipping
Refreshing native plugins compatible for Editor in 0.31 ms, found 9 plugins.
Preloading 0 native plugins for Editor in 0.00 ms.
Unloading 1165 Unused Serialized files (Serialized files now loaded: 0)
System memory in use before: 61.6 MB.
System memory in use after: 59.9 MB.

Unloading 27 unused Assets to reduce memory usage. Loaded Objects now: 1591.
Total: 2.776600 ms (FindLiveObjects: 0.141800 ms CreateObjectMapping: 0.031200 ms MarkObjects: 1.378400 ms  DeleteObjects: 1.224300 ms)

========================================================================
Received Import Request.
  Time since last request: 40.208677 seconds.
  path: Assets/NVIDIA
  artifactKey: Guid(6c5967f6a01821540a0604dd76c2dec0) Importer(815301076,1909f56bfc062723c751e8b465ee728b)
Start importing Assets/NVIDIA using Guid(6c5967f6a01821540a0604dd76c2dec0) Importer(815301076,1909f56bfc062723c751e8b465ee728b)  -> (artifact id: 'af980f5c24aee069b85e358ddc2de3c0') in 0.007968 seconds
  Import took 0.009913 seconds .

========================================================================
Received Import Request.
  Time since last request: 0.001056 seconds.
  path: Assets/NVIDIA
  artifactKey: Guid(6c5967f6a01821540a0604dd76c2dec0) Importer(815301076,1909f56bfc062723c751e8b465ee728b)
Start importing Assets/NVIDIA using Guid(6c5967f6a01821540a0604dd76c2dec0) Importer(815301076,1909f56bfc062723c751e8b465ee728b)  -> (artifact id: 'af980f5c24aee069b85e358ddc2de3c0') in 0.002845 seconds
  Import took 0.004852 seconds .

========================================================================
Received Import Request.
  Time since last request: 6.330676 seconds.
  path: Assets/Assets/New FlexContainer.asset
  artifactKey: Guid(87b7833590e862b478c2e22d4f123e84) Importer(815301076,1909f56bfc062723c751e8b465ee728b)
Start importing Assets/Assets/New FlexContainer.asset using Guid(87b7833590e862b478c2e22d4f123e84) Importer(815301076,1909f56bfc062723c751e8b465ee728b)  -> (artifact id: 'ed87c9f60f1c9892e9e2f89f4d95a6c1') in 0.041997 seconds
  Import took 0.044763 seconds .

========================================================================
Received Import Request.
  Time since last request: 0.000985 seconds.
  path: Assets/Assets/New FlexContainer.asset
  artifactKey: Guid(87b7833590e862b478c2e22d4f123e84) Importer(815301076,1909f56bfc062723c751e8b465ee728b)
Start importing Assets/Assets/New FlexContainer.asset using Guid(87b7833590e862b478c2e22d4f123e84) Importer(815301076,1909f56bfc062723c751e8b465ee728b)  -> (artifact id: 'ed87c9f60f1c9892e9e2f89f4d95a6c1') in 0.004506 seconds
  Import took 0.007676 seconds .

========================================================================
Received Import Request.
  Time since last request: 12.819091 seconds.
  path: Assets/Assets/New FlexArrayAsset.asset
  artifactKey: Guid(a2ee10fe63a60d74390217893cfa83c9) Importer(815301076,1909f56bfc062723c751e8b465ee728b)
Start importing Assets/Assets/New FlexArrayAsset.asset using Guid(a2ee10fe63a60d74390217893cfa83c9) Importer(815301076,1909f56bfc062723c751e8b465ee728b)  -> (artifact id: '3bd3137043d76edde929e9bb15efeddd') in 0.010548 seconds
  Import took 0.012758 seconds .

========================================================================
Received Import Request.
  Time since last request: 0.010035 seconds.
  path: Assets/Assets/New FlexArrayAsset.asset
  artifactKey: Guid(a2ee10fe63a60d74390217893cfa83c9) Importer(815301076,1909f56bfc062723c751e8b465ee728b)
Start importing Assets/Assets/New FlexArrayAsset.asset using Guid(a2ee10fe63a60d74390217893cfa83c9) Importer(815301076,1909f56bfc062723c751e8b465ee728b)  -> (artifact id: '3bd3137043d76edde929e9bb15efeddd') in 0.003348 seconds
  Import took 0.005361 seconds .

========================================================================
Received Import Request.
  Time since last request: 13.655323 seconds.
  path: Assets/Assets/Milk.mat
  artifactKey: Guid(66e4522d68e298649b5b294dc81494d8) Importer(815301076,1909f56bfc062723c751e8b465ee728b)
Start importing Assets/Assets/Milk.mat using Guid(66e4522d68e298649b5b294dc81494d8) Importer(815301076,1909f56bfc062723c751e8b465ee728b)  -> (artifact id: 'c5d8a55ca258fddc5fd8ae9162022b81') in 0.089883 seconds
  Import took 0.092002 seconds .

========================================================================
Received Import Request.
  Time since last request: 67.266818 seconds.
  path: Assets/NVIDIA/Flex Samples/7. Soft Skinning/Octopus.FBX
  artifactKey: Guid(daee0f4c40176e94abdb06dcb71f3804) Importer(815301076,1909f56bfc062723c751e8b465ee728b)
Start importing Assets/NVIDIA/Flex Samples/7. Soft Skinning/Octopus.FBX using Guid(daee0f4c40176e94abdb06dcb71f3804) Importer(815301076,1909f56bfc062723c751e8b465ee728b)  -> (artifact id: '0b9899025a7ada1ad2ca2e136e26d097') in 0.061551 seconds
  Import took 0.064224 seconds .

========================================================================
Received Import Request.
  Time since last request: 0.001361 seconds.
  path: Assets/NVIDIA/Flex Samples/7. Soft Skinning/Octopus.FBX
  artifactKey: Guid(daee0f4c40176e94abdb06dcb71f3804) Importer(815301076,1909f56bfc062723c751e8b465ee728b)
Start importing Assets/NVIDIA/Flex Samples/7. Soft Skinning/Octopus.FBX using Guid(daee0f4c40176e94abdb06dcb71f3804) Importer(815301076,1909f56bfc062723c751e8b465ee728b)  -> (artifact id: '0b9899025a7ada1ad2ca2e136e26d097') in 0.027118 seconds
  Import took 0.030091 seconds .

========================================================================
Received Prepare
Registering precompiled user dll's ...
Registered in 0.001577 seconds.
Begin MonoManager ReloadAssembly
Native extension for WindowsStandalone target not found
Refreshing native plugins compatible for Editor in 0.29 ms, found 9 plugins.
Preloading 0 native plugins for Editor in 0.00 ms.
Invoked RoslynAnalysisRunner static constructor.
RoslynAnalysisRunner will not be running.
RoslynAnalysisRunner has terminated.
Mono: successfully reloaded assembly
- Completed reload, in  0.740 seconds
Platform modules already initialized, skipping
Refreshing native plugins compatible for Editor in 0.61 ms, found 9 plugins.
Preloading 0 native plugins for Editor in 0.00 ms.
Unloading 1164 Unused Serialized files (Serialized files now loaded: 0)
System memory in use before: 65.2 MB.
System memory in use after: 63.4 MB.

Unloading 27 unused Assets to reduce memory usage. Loaded Objects now: 1636.
Total: 2.880000 ms (FindLiveObjects: 0.124500 ms CreateObjectMapping: 0.035500 ms MarkObjects: 1.489500 ms  DeleteObjects: 1.229400 ms)

========================================================================
Received Import Request.
  Time since last request: 84.318768 seconds.
  path: Assets/Assets/New FlexArrayAsset.asset
  artifactKey: Guid(a2ee10fe63a60d74390217893cfa83c9) Importer(815301076,1909f56bfc062723c751e8b465ee728b)
Start importing Assets/Assets/New FlexArrayAsset.asset using Guid(a2ee10fe63a60d74390217893cfa83c9) Importer(815301076,1909f56bfc062723c751e8b465ee728b)  -> (artifact id: '1b435ccbe6a6a514e936ac06d06945a0') in 0.015703 seconds
  Import took 0.017592 seconds .

========================================================================
Received Import Request.
  Time since last request: 2.069088 seconds.
  path: Assets/Assets/New FlexArrayAsset.asset
  artifactKey: Guid(a2ee10fe63a60d74390217893cfa83c9) Importer(815301076,1909f56bfc062723c751e8b465ee728b)
Start importing Assets/Assets/New FlexArrayAsset.asset using Guid(a2ee10fe63a60d74390217893cfa83c9) Importer(815301076,1909f56bfc062723c751e8b465ee728b)  -> (artifact id: '1b435ccbe6a6a514e936ac06d06945a0') in 0.005038 seconds
  Import took 0.007280 seconds .

========================================================================
Received Prepare
Registering precompiled user dll's ...
Registered in 0.002553 seconds.
Begin MonoManager ReloadAssembly
Native extension for WindowsStandalone target not found
Refreshing native plugins compatible for Editor in 0.30 ms, found 9 plugins.
Preloading 0 native plugins for Editor in 0.00 ms.
Invoked RoslynAnalysisRunner static constructor.
RoslynAnalysisRunner will not be running.
RoslynAnalysisRunner has terminated.
Mono: successfully reloaded assembly
- Completed reload, in  0.750 seconds
Platform modules already initialized, skipping
Refreshing native plugins compatible for Editor in 0.39 ms, found 9 plugins.
Preloading 0 native plugins for Editor in 0.00 ms.
Unloading 1164 Unused Serialized files (Serialized files now loaded: 0)
System memory in use before: 65.4 MB.
System memory in use after: 63.6 MB.

Unloading 27 unused Assets to reduce memory usage. Loaded Objects now: 1639.
Total: 2.784700 ms (FindLiveObjects: 0.160400 ms CreateObjectMapping: 0.035800 ms MarkObjects: 1.309800 ms  DeleteObjects: 1.277900 ms)

========================================================================
Received Import Request.
  Time since last request: 78.916380 seconds.
  path: Assets/Assets/New FlexContainer.asset
  artifactKey: Guid(87b7833590e862b478c2e22d4f123e84) Importer(815301076,1909f56bfc062723c751e8b465ee728b)
Start importing Assets/Assets/New FlexContainer.asset using Guid(87b7833590e862b478c2e22d4f123e84) Importer(815301076,1909f56bfc062723c751e8b465ee728b)  -> (artifact id: 'cd889de34b313764f2064dc500c02657') in 0.017133 seconds
  Import took 0.019345 seconds .

========================================================================
Received Import Request.
  Time since last request: 0.000276 seconds.
  path: Assets/Assets/Milk.mat
  artifactKey: Guid(66e4522d68e298649b5b294dc81494d8) Importer(815301076,1909f56bfc062723c751e8b465ee728b)
Start importing Assets/Assets/Milk.mat using Guid(66e4522d68e298649b5b294dc81494d8) Importer(815301076,1909f56bfc062723c751e8b465ee728b)  -> (artifact id: 'e4bfd6cbc3fb854dfe5478fff45004fc') in 0.054533 seconds
  Import took 0.056397 seconds .

========================================================================
Received Import Request.
  Time since last request: 12.305294 seconds.
  path: Assets/Assets/New FlexSourceAsset.asset
  artifactKey: Guid(981685e249ffb52499a804a3ae6564ec) Importer(815301076,1909f56bfc062723c751e8b465ee728b)
Start importing Assets/Assets/New FlexSourceAsset.asset using Guid(981685e249ffb52499a804a3ae6564ec) Importer(815301076,1909f56bfc062723c751e8b465ee728b)  -> (artifact id: 'ff9e9eb4f2d6238a5600b9db2ada12ae') in 0.010785 seconds
  Import took 0.013267 seconds .

========================================================================
Received Import Request.
  Time since last request: 0.002765 seconds.
  path: Assets/Assets/New FlexSourceAsset.asset
  artifactKey: Guid(981685e249ffb52499a804a3ae6564ec) Importer(815301076,1909f56bfc062723c751e8b465ee728b)
Start importing Assets/Assets/New FlexSourceAsset.asset using Guid(981685e249ffb52499a804a3ae6564ec) Importer(815301076,1909f56bfc062723c751e8b465ee728b)  -> (artifact id: 'ff9e9eb4f2d6238a5600b9db2ada12ae') in 0.003129 seconds
  Import took 0.005214 seconds .

